INFO:    User not listed in /etc/subuid, trying root-mapped namespace
INFO:    The %post section will be run under the fakeroot command
INFO:    Starting build...
INFO:    Fetching OCI image...
INFO:    Extracting OCI image...
2025/07/15 15:53:24  warn xattr{etc/gshadow} ignoring ENOTSUP on setxattr "user.rootlesscontainers"
2025/07/15 15:53:24  warn xattr{/tmp/build-temp-2014838617/rootfs/etc/gshadow} destination filesystem does not support xattrs, further warnings will be suppressed
2025/07/15 15:53:25  warn xattr{var/log/apt/term.log} ignoring ENOTSUP on setxattr "user.rootlesscontainers"
2025/07/15 15:53:25  warn xattr{/tmp/build-temp-2014838617/rootfs/var/log/apt/term.log} destination filesystem does not support xattrs, further warnings will be suppressed
2025/07/15 15:53:26  warn xattr{var/log/apt/term.log} ignoring ENOTSUP on setxattr "user.rootlesscontainers"
2025/07/15 15:53:26  warn xattr{/tmp/build-temp-2014838617/rootfs/var/log/apt/term.log} destination filesystem does not support xattrs, further warnings will be suppressed
2025/07/15 15:53:51  warn xattr{var/log/apt/term.log} ignoring ENOTSUP on setxattr "user.rootlesscontainers"
2025/07/15 15:53:51  warn xattr{/tmp/build-temp-2014838617/rootfs/var/log/apt/term.log} destination filesystem does not support xattrs, further warnings will be suppressed
2025/07/15 15:54:30  warn xattr{var/log/apt/term.log} ignoring ENOTSUP on setxattr "user.rootlesscontainers"
2025/07/15 15:54:30  warn xattr{/tmp/build-temp-2014838617/rootfs/var/log/apt/term.log} destination filesystem does not support xattrs, further warnings will be suppressed
INFO:    Inserting Apptainer configuration...
INFO:    Copying _pipeline_node_reranker.py to /_pipeline_node_reranker.py
INFO:    Running post scriptlet
+ apt-get update
+ apt-get install -y --no-install-recommends python3 python3-pip python3-dev git curl ca-certificates build-essential
debconf: delaying package configuration, since apt-utils is not installed
+ rm -rf /var/lib/apt/lists/archive.ubuntu.com_ubuntu_dists_jammy-backports_InRelease /var/lib/apt/lists/archive.ubuntu.com_ubuntu_dists_jammy-backports_main_binary-amd64_Packages.lz4 /var/lib/apt/lists/archive.ubuntu.com_ubuntu_dists_jammy-backports_universe_binary-amd64_Packages.lz4 /var/lib/apt/lists/archive.ubuntu.com_ubuntu_dists_jammy-updates_InRelease /var/lib/apt/lists/archive.ubuntu.com_ubuntu_dists_jammy-updates_main_binary-amd64_Packages.lz4 /var/lib/apt/lists/archive.ubuntu.com_ubuntu_dists_jammy-updates_multiverse_binary-amd64_Packages.lz4 /var/lib/apt/lists/archive.ubuntu.com_ubuntu_dists_jammy-updates_restricted_binary-amd64_Packages.lz4 /var/lib/apt/lists/archive.ubuntu.com_ubuntu_dists_jammy-updates_universe_binary-amd64_Packages.lz4 /var/lib/apt/lists/archive.ubuntu.com_ubuntu_dists_jammy_InRelease /var/lib/apt/lists/archive.ubuntu.com_ubuntu_dists_jammy_main_binary-amd64_Packages.lz4 /var/lib/apt/lists/archive.ubuntu.com_ubuntu_dists_jammy_multiverse_binary-amd64_Packages.lz4 /var/lib/apt/lists/archive.ubuntu.com_ubuntu_dists_jammy_restricted_binary-amd64_Packages.lz4 /var/lib/apt/lists/archive.ubuntu.com_ubuntu_dists_jammy_universe_binary-amd64_Packages.lz4 /var/lib/apt/lists/auxfiles /var/lib/apt/lists/developer.download.nvidia.com_compute_cuda_repos_ubuntu2204_x86%5f64_InRelease /var/lib/apt/lists/developer.download.nvidia.com_compute_cuda_repos_ubuntu2204_x86%5f64_Packages.lz4 /var/lib/apt/lists/lock /var/lib/apt/lists/partial /var/lib/apt/lists/security.ubuntu.com_ubuntu_dists_jammy-security_InRelease /var/lib/apt/lists/security.ubuntu.com_ubuntu_dists_jammy-security_main_binary-amd64_Packages.lz4 /var/lib/apt/lists/security.ubuntu.com_ubuntu_dists_jammy-security_multiverse_binary-amd64_Packages.lz4 /var/lib/apt/lists/security.ubuntu.com_ubuntu_dists_jammy-security_restricted_binary-amd64_Packages.lz4 /var/lib/apt/lists/security.ubuntu.com_ubuntu_dists_jammy-security_universe_binary-amd64_Packages.lz4
+ python3 -m pip install --upgrade pip
WARNING: Running pip as the 'root' user can result in broken permissions and conflicting behaviour with the system package manager. It is recommended to use a virtual environment instead: https://pip.pypa.io/warnings/venv
+ pip install torch torchvision torchaudio --index-url https://download.pytorch.org/whl/cu121
WARNING: Running pip as the 'root' user can result in broken permissions and conflicting behaviour with the system package manager, possibly rendering your system unusable. It is recommended to use a virtual environment instead: https://pip.pypa.io/warnings/venv. Use the --root-user-action option if you know what you are doing and want to suppress this warning.
+ pip install transformers sentence-transformers
WARNING: Running pip as the 'root' user can result in broken permissions and conflicting behaviour with the system package manager, possibly rendering your system unusable. It is recommended to use a virtual environment instead: https://pip.pypa.io/warnings/venv. Use the --root-user-action option if you know what you are doing and want to suppress this warning.
INFO:    Adding labels
INFO:    Adding environment to container
INFO:    Adding runscript
INFO:    Creating SIF file...
INFO:    Build complete: /home/vassmate/KGEntityMatching/envs/vassmate_container.sif
